/home/touti/dev/dialog_manager/pythonenvs/.venv_dm_server/lib/python3.10/site-packages/rasa/core/tracker_store.py:1044: MovedIn20Warning: Deprecated API features detected! These feature(s) are not compatible with SQLAlchemy 2.0. To prevent incompatible upgrades prior to updating applications, ensure requirements files are pinned to "sqlalchemy<2.0". Set environment variable SQLALCHEMY_WARN_20=1 to show all deprecation warnings.  Set environment variable SQLALCHEMY_SILENCE_UBER_WARNING=1 to silence this message. (Background on SQLAlchemy 2.0 at: https://sqlalche.me/e/b8d9)
  Base: DeclarativeMeta = declarative_base()
/home/touti/dev/dialog_manager/pythonenvs/.venv_dm_server/lib/python3.10/site-packages/rasa/shared/utils/validation.py:134: DeprecationWarning: pkg_resources is deprecated as an API. See https://setuptools.pypa.io/en/latest/pkg_resources.html
  import pkg_resources
/home/touti/dev/dialog_manager/pythonenvs/.venv_dm_server/lib/python3.10/site-packages/pkg_resources/__init__.py:2825: DeprecationWarning: Deprecated call to `pkg_resources.declare_namespace('mpl_toolkits')`.
Implementing implicit namespace packages (as specified in PEP 420) is preferred to `pkg_resources.declare_namespace`. See https://setuptools.pypa.io/en/latest/references/keywords.html#keyword-namespace-packages
  declare_namespace(pkg)
/home/touti/dev/dialog_manager/pythonenvs/.venv_dm_server/lib/python3.10/site-packages/pkg_resources/__init__.py:2825: DeprecationWarning: Deprecated call to `pkg_resources.declare_namespace('ruamel')`.
Implementing implicit namespace packages (as specified in PEP 420) is preferred to `pkg_resources.declare_namespace`. See https://setuptools.pypa.io/en/latest/references/keywords.html#keyword-namespace-packages
  declare_namespace(pkg)
/home/touti/dev/dialog_manager/pythonenvs/.venv_dm_server/lib/python3.10/site-packages/sanic_cors/extension.py:39: DeprecationWarning: distutils Version classes are deprecated. Use packaging.version instead.
  SANIC_VERSION = LooseVersion(sanic_version)
2024-11-03 01:22:37 INFO     rasa_sdk.endpoint  - Starting action endpoint server...
2024-11-03 01:22:37 ERROR    rasa_sdk.executor  - Failed to register package 'actions'.
Traceback (most recent call last):
  File "/home/touti/dev/dialog_manager/pythonenvs/.venv_dm_server/lib/python3.10/site-packages/rasa_sdk/executor.py", line 263, in register_package
    self._import_submodules(package)
  File "/home/touti/dev/dialog_manager/pythonenvs/.venv_dm_server/lib/python3.10/site-packages/rasa_sdk/executor.py", line 219, in _import_submodules
    package = self._import_module(package)
  File "/home/touti/dev/dialog_manager/pythonenvs/.venv_dm_server/lib/python3.10/site-packages/rasa_sdk/executor.py", line 240, in _import_module
    module = importlib.import_module(name)
  File "/usr/lib/python3.10/importlib/__init__.py", line 126, in import_module
    return _bootstrap._gcd_import(name[level:], package, level)
  File "<frozen importlib._bootstrap>", line 1050, in _gcd_import
  File "<frozen importlib._bootstrap>", line 1027, in _find_and_load
  File "<frozen importlib._bootstrap>", line 1004, in _find_and_load_unlocked
ModuleNotFoundError: No module named 'actions'
